<?xml version="1.0" encoding="UTF-8"?>
<testng-results ignored="0" total="1" passed="1" failed="0" skipped="0">
  <reporter-output>
  </reporter-output>
  <suite started-at="2025-01-25T10:29:09 IST" name="Default suite" finished-at="2025-01-25T10:29:13 IST" duration-ms="3756">
    <groups>
    </groups>
    <test started-at="2025-01-25T10:29:09 IST" name="Default test" finished-at="2025-01-25T10:29:13 IST" duration-ms="3756">
      <class name="specBuilder.EComEnd2End">
        <test-method signature="run()[pri:0, instance:specBuilder.EComEnd2End@313ac989]" started-at="2025-01-25T10:29:09 IST" name="run" finished-at="2025-01-25T10:29:13 IST" duration-ms="3729" status="PASS">
          <reporter-output>
          </reporter-output>
        </test-method> <!-- run -->
      </class> <!-- specBuilder.EComEnd2End -->
    </test> <!-- Default test -->
  </suite> <!-- Default suite -->
</testng-results>
